2026-07-19 22:13:53.051   Log opened. (Time zone: UTC-04:00)
2026-07-19 22:13:53.051   Setup version: Inno Setup version 6.7.3
2026-07-19 22:13:53.051   Original Uninstall EXE: C:\Users\justin\AppData\Local\Programs\LocalRag\unins000.exe
2026-07-19 22:13:53.051   Uninstall DAT: C:\Users\justin\AppData\Local\Programs\LocalRag\unins000.dat
2026-07-19 22:13:53.051   Current Uninstall EXE: C:\Users\justin\AppData\Local\Temp\is-Y0XLMLOTZ8-uninstall.tmp\_unins.tmp
2026-07-19 22:13:53.052   Uninstall command line: /SECONDPHASE="C:\Users\justin\AppData\Local\Programs\LocalRag\unins000.exe" /FIRSTPHASEWND=$200DD4 /VERYSILENT /SUPPRESSMSGBOXES /NORESTART /LOG=C:\Users\justin\Source\local-rag\artifacts\deploy-uninstall.log 
2026-07-19 22:13:53.060   Windows version: 10.0.26200
2026-07-19 22:13:53.060   Windows architecture: x64 (64-bit)
2026-07-19 22:13:53.060   Machine types supported by system: x86 x64
2026-07-19 22:13:53.060   User privileges: None
2026-07-19 22:13:53.061   Administrative install mode: No
2026-07-19 22:13:53.061   Install mode root key: HKEY_CURRENT_USER
2026-07-19 22:13:53.061   RedirectionGuard status for current process: Enabled in enforcing mode
2026-07-19 22:13:53.061   Cleaning up any residual temporary files from previous Uninstall runs.
2026-07-19 22:13:53.061   Cleanup finished (1 directories found, 1 directories checked, 0 files deleted).
2026-07-19 22:13:53.061   Created temporary directory: C:\Users\justin\AppData\Local\Temp\is-ZLY8URT93F.tmp
2026-07-19 22:13:53.436   Starting the uninstallation process.
2026-07-19 22:13:53.437   Deleting registry key: HKEY_CURRENT_USER\Software\Microsoft\Windows\CurrentVersion\Uninstall\{BC34EB80-D1CA-483A-BF52-CC6D421A67A6}_is1
2026-07-19 22:13:53.437   Deleting file: C:\Users\justin\AppData\Local\Programs\LocalRag\Host\0.1.0\WindowsBase.dll
2026-07-19 22:13:53.437   Deleting file: C:\Users\justin\AppData\Local\Programs\LocalRag\Host\0.1.0\web.config
2026-07-19 22:13:53.437   Deleting file: C:\Users\justin\AppData\Local\Programs\LocalRag\Host\0.1.0\System.Xml.XPath.XDocument.dll
2026-07-19 22:13:53.437   Deleting file: C:\Users\justin\AppData\Local\Programs\LocalRag\Host\0.1.0\System.Xml.XPath.dll
2026-07-19 22:13:53.438   Deleting file: C:\Users\justin\AppData\Local\Programs\LocalRag\Host\0.1.0\System.Xml.XmlSerializer.dll
2026-07-19 22:13:53.438   Deleting file: C:\Users\justin\AppData\Local\Programs\LocalRag\Host\0.1.0\System.Xml.XmlDocument.dll
2026-07-19 22:13:53.438   Deleting file: C:\Users\justin\AppData\Local\Programs\LocalRag\Host\0.1.0\System.Xml.XDocument.dll
2026-07-19 22:13:53.438   Deleting file: C:\Users\justin\AppData\Local\Programs\LocalRag\Host\0.1.0\System.Xml.Serialization.dll
2026-07-19 22:13:53.438   Deleting file: C:\Users\justin\AppData\Local\Programs\LocalRag\Host\0.1.0\System.Xml.ReaderWriter.dll
2026-07-19 22:13:53.438   Deleting file: C:\Users\justin\AppData\Local\Programs\LocalRag\Host\0.1.0\System.Xml.Linq.dll
2026-07-19 22:13:53.438   Deleting file: C:\Users\justin\AppData\Local\Programs\LocalRag\Host\0.1.0\System.Xml.dll
2026-07-19 22:13:53.439   Deleting file: C:\Users\justin\AppData\Local\Programs\LocalRag\Host\0.1.0\System.Windows.dll
2026-07-19 22:13:53.439   Deleting file: C:\Users\justin\AppData\Local\Programs\LocalRag\Host\0.1.0\System.Web.HttpUtility.dll
2026-07-19 22:13:53.439   Deleting file: C:\Users\justin\AppData\Local\Programs\LocalRag\Host\0.1.0\System.Web.dll
2026-07-19 22:13:53.439   Deleting file: C:\Users\justin\AppData\Local\Programs\LocalRag\Host\0.1.0\System.ValueTuple.dll
2026-07-19 22:13:53.439   Deleting file: C:\Users\justin\AppData\Local\Programs\LocalRag\Host\0.1.0\System.Transactions.Local.dll
2026-07-19 22:13:53.439   Deleting file: C:\Users\justin\AppData\Local\Programs\LocalRag\Host\0.1.0\System.Transactions.dll
2026-07-19 22:13:53.439   Deleting file: C:\Users\justin\AppData\Local\Programs\LocalRag\Host\0.1.0\System.Threading.Timer.dll
2026-07-19 22:13:53.440   Deleting file: C:\Users\justin\AppData\Local\Programs\LocalRag\Host\0.1.0\System.Threading.ThreadPool.dll
2026-07-19 22:13:53.440   Deleting file: C:\Users\justin\AppData\Local\Programs\LocalRag\Host\0.1.0\System.Threading.Thread.dll
2026-07-19 22:13:53.440   Deleting file: C:\Users\justin\AppData\Local\Programs\LocalRag\Host\0.1.0\System.Threading.Tasks.Parallel.dll
2026-07-19 22:13:53.440   Deleting file: C:\Users\justin\AppData\Local\Programs\LocalRag\Host\0.1.0\System.Threading.Tasks.Extensions.dll
2026-07-19 22:13:53.440   Deleting file: C:\Users\justin\AppData\Local\Programs\LocalRag\Host\0.1.0\System.Threading.Tasks.dll
2026-07-19 22:13:53.440   Deleting file: C:\Users\justin\AppData\Local\Programs\LocalRag\Host\0.1.0\System.Threading.Tasks.Dataflow.dll
2026-07-19 22:13:53.440   Deleting file: C:\Users\justin\AppData\Local\Programs\LocalRag\Host\0.1.0\System.Threading.RateLimiting.dll
2026-07-19 22:13:53.441   Deleting file: C:\Users\justin\AppData\Local\Programs\LocalRag\Host\0.1.0\System.Threading.Overlapped.dll
2026-07-19 22:13:53.441   Deleting file: C:\Users\justin\AppData\Local\Programs\LocalRag\Host\0.1.0\System.Threading.dll
2026-07-19 22:13:53.441   Deleting file: C:\Users\justin\AppData\Local\Programs\LocalRag\Host\0.1.0\System.Threading.Channels.dll
2026-07-19 22:13:53.441   Deleting file: C:\Users\justin\AppData\Local\Programs\LocalRag\Host\0.1.0\System.Threading.AccessControl.dll
2026-07-19 22:13:53.441   Deleting file: C:\Users\justin\AppData\Local\Programs\LocalRag\Host\0.1.0\System.Text.RegularExpressions.dll
2026-07-19 22:13:53.441   Deleting file: C:\Users\justin\AppData\Local\Programs\LocalRag\Host\0.1.0\System.Text.Json.dll
2026-07-19 22:13:53.442   Deleting file: C:\Users\justin\AppData\Local\Programs\LocalRag\Host\0.1.0\System.Text.Encodings.Web.dll
2026-07-19 22:13:53.442   Deleting file: C:\Users\justin\AppData\Local\Programs\LocalRag\Host\0.1.0\System.Text.Encoding.Extensions.dll
2026-07-19 22:13:53.442   Deleting file: C:\Users\justin\AppData\Local\Programs\LocalRag\Host\0.1.0\System.Text.Encoding.dll
2026-07-19 22:13:53.442   Deleting file: C:\Users\justin\AppData\Local\Programs\LocalRag\Host\0.1.0\System.Text.Encoding.CodePages.dll
2026-07-19 22:13:53.442   Deleting file: C:\Users\justin\AppData\Local\Programs\LocalRag\Host\0.1.0\System.ServiceProcess.dll
2026-07-19 22:13:53.443   Deleting file: C:\Users\justin\AppData\Local\Programs\LocalRag\Host\0.1.0\System.ServiceModel.Web.dll
2026-07-19 22:13:53.443   Deleting file: C:\Users\justin\AppData\Local\Programs\LocalRag\Host\0.1.0\System.Security.SecureString.dll
2026-07-19 22:13:53.443   Deleting file: C:\Users\justin\AppData\Local\Programs\LocalRag\Host\0.1.0\System.Security.Principal.Windows.dll
2026-07-19 22:13:53.443   Deleting file: C:\Users\justin\AppData\Local\Programs\LocalRag\Host\0.1.0\System.Security.Principal.dll
2026-07-19 22:13:53.443   Deleting file: C:\Users\justin\AppData\Local\Programs\LocalRag\Host\0.1.0\System.Security.dll
2026-07-19 22:13:53.443   Deleting file: C:\Users\justin\AppData\Local\Programs\LocalRag\Host\0.1.0\System.Security.Cryptography.Xml.dll
2026-07-19 22:13:53.444   Deleting file: C:\Users\justin\AppData\Local\Programs\LocalRag\Host\0.1.0\System.Security.Cryptography.X509Certificates.dll
2026-07-19 22:13:53.444   Deleting file: C:\Users\justin\AppData\Local\Programs\LocalRag\Host\0.1.0\System.Security.Cryptography.Primitives.dll
2026-07-19 22:13:53.444   Deleting file: C:\Users\justin\AppData\Local\Programs\LocalRag\Host\0.1.0\System.Security.Cryptography.Pkcs.dll
2026-07-19 22:13:53.445   Deleting file: C:\Users\justin\AppData\Local\Programs\LocalRag\Host\0.1.0\System.Security.Cryptography.OpenSsl.dll
2026-07-19 22:13:53.445   Deleting file: C:\Users\justin\AppData\Local\Programs\LocalRag\Host\0.1.0\System.Security.Cryptography.Encoding.dll
2026-07-19 22:13:53.445   Deleting file: C:\Users\justin\AppData\Local\Programs\LocalRag\Host\0.1.0\System.Security.Cryptography.dll
2026-07-19 22:13:53.445   Deleting file: C:\Users\justin\AppData\Local\Programs\LocalRag\Host\0.1.0\System.Security.Cryptography.Csp.dll
2026-07-19 22:13:53.445   Deleting file: C:\Users\justin\AppData\Local\Programs\LocalRag\Host\0.1.0\System.Security.Cryptography.Cng.dll
2026-07-19 22:13:53.446   Deleting file: C:\Users\justin\AppData\Local\Programs\LocalRag\Host\0.1.0\System.Security.Cryptography.Algorithms.dll
2026-07-19 22:13:53.446   Deleting file: C:\Users\justin\AppData\Local\Programs\LocalRag\Host\0.1.0\System.Security.Claims.dll
2026-07-19 22:13:53.446   Deleting file: C:\Users\justin\AppData\Local\Programs\LocalRag\Host\0.1.0\System.Security.AccessControl.dll
2026-07-19 22:13:53.446   Deleting file: C:\Users\justin\AppData\Local\Programs\LocalRag\Host\0.1.0\System.Runtime.Serialization.Xml.dll
2026-07-19 22:13:53.446   Deleting file: C:\Users\justin\AppData\Local\Programs\LocalRag\Host\0.1.0\System.Runtime.Serialization.Primitives.dll
2026-07-19 22:13:53.446   Deleting file: C:\Users\justin\AppData\Local\Programs\LocalRag\Host\0.1.0\System.Runtime.Serialization.Json.dll
2026-07-19 22:13:53.446   Deleting file: C:\Users\justin\AppData\Local\Programs\LocalRag\Host\0.1.0\System.Runtime.Serialization.Formatters.dll
2026-07-19 22:13:53.447   Deleting file: C:\Users\justin\AppData\Local\Programs\LocalRag\Host\0.1.0\System.Runtime.Serialization.dll
2026-07-19 22:13:53.447   Deleting file: C:\Users\justin\AppData\Local\Programs\LocalRag\Host\0.1.0\System.Runtime.Numerics.dll
2026-07-19 22:13:53.447   Deleting file: C:\Users\justin\AppData\Local\Programs\LocalRag\Host\0.1.0\System.Runtime.Loader.dll
2026-07-19 22:13:53.447   Deleting file: C:\Users\justin\AppData\Local\Programs\LocalRag\Host\0.1.0\System.Runtime.Intrinsics.dll
2026-07-19 22:13:53.447   Deleting file: C:\Users\justin\AppData\Local\Programs\LocalRag\Host\0.1.0\System.Runtime.InteropServices.RuntimeInformation.dll
2026-07-19 22:13:53.447   Deleting file: C:\Users\justin\AppData\Local\Programs\LocalRag\Host\0.1.0\System.Runtime.InteropServices.JavaScript.dll
2026-07-19 22:13:53.448   Deleting file: C:\Users\justin\AppData\Local\Programs\LocalRag\Host\0.1.0\System.Runtime.InteropServices.dll
2026-07-19 22:13:53.448   Deleting file: C:\Users\justin\AppData\Local\Programs\LocalRag\Host\0.1.0\System.Runtime.Handles.dll
2026-07-19 22:13:53.448   Deleting file: C:\Users\justin\AppData\Local\Programs\LocalRag\Host\0.1.0\System.Runtime.Extensions.dll
2026-07-19 22:13:53.448   Deleting file: C:\Users\justin\AppData\Local\Programs\LocalRag\Host\0.1.0\System.Runtime.dll
2026-07-19 22:13:53.448   Deleting file: C:\Users\justin\AppData\Local\Programs\LocalRag\Host\0.1.0\System.Runtime.CompilerServices.VisualC.dll
2026-07-19 22:13:53.448   Deleting file: C:\Users\justin\AppData\Local\Programs\LocalRag\Host\0.1.0\System.Runtime.CompilerServices.Unsafe.dll
2026-07-19 22:13:53.448   Deleting file: C:\Users\justin\AppData\Local\Programs\LocalRag\Host\0.1.0\System.Resources.Writer.dll
2026-07-19 22:13:53.448   Deleting file: C:\Users\justin\AppData\Local\Programs\LocalRag\Host\0.1.0\System.Resources.ResourceManager.dll
2026-07-19 22:13:53.449   Deleting file: C:\Users\justin\AppData\Local\Programs\LocalRag\Host\0.1.0\System.Resources.Reader.dll
2026-07-19 22:13:53.449   Deleting file: C:\Users\justin\AppData\Local\Programs\LocalRag\Host\0.1.0\System.Reflection.TypeExtensions.dll
2026-07-19 22:13:53.449   Deleting file: C:\Users\justin\AppData\Local\Programs\LocalRag\Host\0.1.0\System.Reflection.Primitives.dll
2026-07-19 22:13:53.449   Deleting file: C:\Users\justin\AppData\Local\Programs\LocalRag\Host\0.1.0\System.Reflection.Metadata.dll
2026-07-19 22:13:53.449   Deleting file: C:\Users\justin\AppData\Local\Programs\LocalRag\Host\0.1.0\System.Reflection.Extensions.dll
2026-07-19 22:13:53.449   Deleting file: C:\Users\justin\AppData\Local\Programs\LocalRag\Host\0.1.0\System.Reflection.Emit.Lightweight.dll
2026-07-19 22:13:53.449   Deleting file: C:\Users\justin\AppData\Local\Programs\LocalRag\Host\0.1.0\System.Reflection.Emit.ILGeneration.dll
2026-07-19 22:13:53.450   Deleting file: C:\Users\justin\AppData\Local\Programs\LocalRag\Host\0.1.0\System.Reflection.Emit.dll
2026-07-19 22:13:53.450   Deleting file: C:\Users\justin\AppData\Local\Programs\LocalRag\Host\0.1.0\System.Reflection.dll
2026-07-19 22:13:53.450   Deleting file: C:\Users\justin\AppData\Local\Programs\LocalRag\Host\0.1.0\System.Reflection.DispatchProxy.dll
2026-07-19 22:13:53.450   Deleting file: C:\Users\justin\AppData\Local\Programs\LocalRag\Host\0.1.0\System.Private.Xml.Linq.dll
2026-07-19 22:13:53.450   Deleting file: C:\Users\justin\AppData\Local\Programs\LocalRag\Host\0.1.0\System.Private.Xml.dll
2026-07-19 22:13:53.451   Deleting file: C:\Users\justin\AppData\Local\Programs\LocalRag\Host\0.1.0\System.Private.Uri.dll
2026-07-19 22:13:53.452   Deleting file: C:\Users\justin\AppData\Local\Programs\LocalRag\Host\0.1.0\System.Private.DataContractSerialization.dll
2026-07-19 22:13:53.452   Deleting file: C:\Users\justin\AppData\Local\Programs\LocalRag\Host\0.1.0\System.Private.CoreLib.dll
2026-07-19 22:13:53.454   Deleting file: C:\Users\justin\AppData\Local\Programs\LocalRag\Host\0.1.0\System.ObjectModel.dll
2026-07-19 22:13:53.454   Deleting file: C:\Users\justin\AppData\Local\Programs\LocalRag\Host\0.1.0\System.Numerics.Vectors.dll
2026-07-19 22:13:53.454   Deleting file: C:\Users\justin\AppData\Local\Programs\LocalRag\Host\0.1.0\System.Numerics.Tensors.dll
2026-07-19 22:13:53.455   Deleting file: C:\Users\justin\AppData\Local\Programs\LocalRag\Host\0.1.0\System.Numerics.dll
2026-07-19 22:13:53.455   Deleting file: C:\Users\justin\AppData\Local\Programs\LocalRag\Host\0.1.0\System.Net.WebSockets.dll
2026-07-19 22:13:53.455   Deleting file: C:\Users\justin\AppData\Local\Programs\LocalRag\Host\0.1.0\System.Net.WebSockets.Client.dll
2026-07-19 22:13:53.455   Deleting file: C:\Users\justin\AppData\Local\Programs\LocalRag\Host\0.1.0\System.Net.WebProxy.dll
2026-07-19 22:13:53.455   Deleting file: C:\Users\justin\AppData\Local\Programs\LocalRag\Host\0.1.0\System.Net.WebHeaderCollection.dll
2026-07-19 22:13:53.455   Deleting file: C:\Users\justin\AppData\Local\Programs\LocalRag\Host\0.1.0\System.Net.WebClient.dll
2026-07-19 22:13:53.455   Deleting file: C:\Users\justin\AppData\Local\Programs\LocalRag\Host\0.1.0\System.Net.Sockets.dll
2026-07-19 22:13:53.456   Deleting file: C:\Users\justin\AppData\Local\Programs\LocalRag\Host\0.1.0\System.Net.ServicePoint.dll
2026-07-19 22:13:53.456   Deleting file: C:\Users\justin\AppData\Local\Programs\LocalRag\Host\0.1.0\System.Net.ServerSentEvents.dll
2026-07-19 22:13:53.456   Deleting file: C:\Users\justin\AppData\Local\Programs\LocalRag\Host\0.1.0\System.Net.Security.dll
2026-07-19 22:13:53.456   Deleting file: C:\Users\justin\AppData\Local\Programs\LocalRag\Host\0.1.0\System.Net.Requests.dll
2026-07-19 22:13:53.456   Deleting file: C:\Users\justin\AppData\Local\Programs\LocalRag\Host\0.1.0\System.Net.Quic.dll
2026-07-19 22:13:53.457   Deleting file: C:\Users\justin\AppData\Local\Programs\LocalRag\Host\0.1.0\System.Net.Primitives.dll
2026-07-19 22:13:53.457   Deleting file: C:\Users\justin\AppData\Local\Programs\LocalRag\Host\0.1.0\System.Net.Ping.dll
2026-07-19 22:13:53.457   Deleting file: C:\Users\justin\AppData\Local\Programs\LocalRag\Host\0.1.0\System.Net.NetworkInformation.dll
2026-07-19 22:13:53.457   Deleting file: C:\Users\justin\AppData\Local\Programs\LocalRag\Host\0.1.0\System.Net.NameResolution.dll
2026-07-19 22:13:53.457   Deleting file: C:\Users\justin\AppData\Local\Programs\LocalRag\Host\0.1.0\System.Net.Mail.dll
2026-07-19 22:13:53.457   Deleting file: C:\Users\justin\AppData\Local\Programs\LocalRag\Host\0.1.0\System.Net.HttpListener.dll
2026-07-19 22:13:53.457   Deleting file: C:\Users\justin\AppData\Local\Programs\LocalRag\Host\0.1.0\System.Net.Http.Json.dll
2026-07-19 22:13:53.458   Deleting file: C:\Users\justin\AppData\Local\Programs\LocalRag\Host\0.1.0\System.Net.Http.dll
2026-07-19 22:13:53.458   Deleting file: C:\Users\justin\AppData\Local\Programs\LocalRag\Host\0.1.0\System.Net.dll
2026-07-19 22:13:53.458   Deleting file: C:\Users\justin\AppData\Local\Programs\LocalRag\Host\0.1.0\System.Memory.dll
2026-07-19 22:13:53.458   Deleting file: C:\Users\justin\AppData\Local\Programs\LocalRag\Host\0.1.0\System.Linq.Queryable.dll
2026-07-19 22:13:53.458   Deleting file: C:\Users\justin\AppData\Local\Programs\LocalRag\Host\0.1.0\System.Linq.Parallel.dll
2026-07-19 22:13:53.459   Deleting file: C:\Users\justin\AppData\Local\Programs\LocalRag\Host\0.1.0\System.Linq.Expressions.dll
2026-07-19 22:13:53.459   Deleting file: C:\Users\justin\AppData\Local\Programs\LocalRag\Host\0.1.0\System.Linq.dll
2026-07-19 22:13:53.460   Deleting file: C:\Users\justin\AppData\Local\Programs\LocalRag\Host\0.1.0\System.Linq.AsyncEnumerable.dll
2026-07-19 22:13:53.460   Deleting file: C:\Users\justin\AppData\Local\Programs\LocalRag\Host\0.1.0\System.IO.UnmanagedMemoryStream.dll
2026-07-19 22:13:53.460   Deleting file: C:\Users\justin\AppData\Local\Programs\LocalRag\Host\0.1.0\System.IO.Pipes.dll
2026-07-19 22:13:53.460   Deleting file: C:\Users\justin\AppData\Local\Programs\LocalRag\Host\0.1.0\System.IO.Pipes.AccessControl.dll
2026-07-19 22:13:53.460   Deleting file: C:\Users\justin\AppData\Local\Programs\LocalRag\Host\0.1.0\System.IO.Pipelines.dll
2026-07-19 22:13:53.460   Deleting file: C:\Users\justin\AppData\Local\Programs\LocalRag\Host\0.1.0\System.IO.MemoryMappedFiles.dll
2026-07-19 22:13:53.464   Deleting file: C:\Users\justin\AppData\Local\Programs\LocalRag\Host\0.1.0\System.IO.IsolatedStorage.dll
2026-07-19 22:13:53.464   Deleting file: C:\Users\justin\AppData\Local\Programs\LocalRag\Host\0.1.0\System.IO.FileSystem.Watcher.dll
2026-07-19 22:13:53.464   Deleting file: C:\Users\justin\AppData\Local\Programs\LocalRag\Host\0.1.0\System.IO.FileSystem.Primitives.dll
2026-07-19 22:13:53.464   Deleting file: C:\Users\justin\AppData\Local\Programs\LocalRag\Host\0.1.0\System.IO.FileSystem.DriveInfo.dll
2026-07-19 22:13:53.465   Deleting file: C:\Users\justin\AppData\Local\Programs\LocalRag\Host\0.1.0\System.IO.FileSystem.dll
2026-07-19 22:13:53.465   Deleting file: C:\Users\justin\AppData\Local\Programs\LocalRag\Host\0.1.0\System.IO.FileSystem.AccessControl.dll
2026-07-19 22:13:53.465   Deleting file: C:\Users\justin\AppData\Local\Programs\LocalRag\Host\0.1.0\System.IO.dll
2026-07-19 22:13:53.465   Deleting file: C:\Users\justin\AppData\Local\Programs\LocalRag\Host\0.1.0\System.IO.Compression.ZipFile.dll
2026-07-19 22:13:53.465   Deleting file: C:\Users\justin\AppData\Local\Programs\LocalRag\Host\0.1.0\System.IO.Compression.Native.dll
2026-07-19 22:13:53.465   Deleting file: C:\Users\justin\AppData\Local\Programs\LocalRag\Host\0.1.0\System.IO.Compression.FileSystem.dll
2026-07-19 22:13:53.466   Deleting file: C:\Users\justin\AppData\Local\Programs\LocalRag\Host\0.1.0\System.IO.Compression.dll
2026-07-19 22:13:53.466   Deleting file: C:\Users\justin\AppData\Local\Programs\LocalRag\Host\0.1.0\System.IO.Compression.Brotli.dll
2026-07-19 22:13:53.466   Deleting file: C:\Users\justin\AppData\Local\Programs\LocalRag\Host\0.1.0\System.Globalization.Extensions.dll
2026-07-19 22:13:53.466   Deleting file: C:\Users\justin\AppData\Local\Programs\LocalRag\Host\0.1.0\System.Globalization.dll
2026-07-19 22:13:53.466   Deleting file: C:\Users\justin\AppData\Local\Programs\LocalRag\Host\0.1.0\System.Globalization.Calendars.dll
2026-07-19 22:13:53.466   Deleting file: C:\Users\justin\AppData\Local\Programs\LocalRag\Host\0.1.0\System.Formats.Tar.dll
2026-07-19 22:13:53.466   Deleting file: C:\Users\justin\AppData\Local\Programs\LocalRag\Host\0.1.0\System.Formats.Cbor.dll
2026-07-19 22:13:53.467   Deleting file: C:\Users\justin\AppData\Local\Programs\LocalRag\Host\0.1.0\System.Formats.Asn1.dll
2026-07-19 22:13:53.467   Deleting file: C:\Users\justin\AppData\Local\Programs\LocalRag\Host\0.1.0\System.Dynamic.Runtime.dll
2026-07-19 22:13:53.467   Deleting file: C:\Users\justin\AppData\Local\Programs\LocalRag\Host\0.1.0\System.Drawing.Primitives.dll
2026-07-19 22:13:53.467   Deleting file: C:\Users\justin\AppData\Local\Programs\LocalRag\Host\0.1.0\System.Drawing.dll
2026-07-19 22:13:53.467   Deleting file: C:\Users\justin\AppData\Local\Programs\LocalRag\Host\0.1.0\System.dll
2026-07-19 22:13:53.467   Deleting file: C:\Users\justin\AppData\Local\Programs\LocalRag\Host\0.1.0\System.Diagnostics.Tracing.dll
2026-07-19 22:13:53.467   Deleting file: C:\Users\justin\AppData\Local\Programs\LocalRag\Host\0.1.0\System.Diagnostics.TraceSource.dll
2026-07-19 22:13:53.468   Deleting file: C:\Users\justin\AppData\Local\Programs\LocalRag\Host\0.1.0\System.Diagnostics.Tools.dll
2026-07-19 22:13:53.468   Deleting file: C:\Users\justin\AppData\Local\Programs\LocalRag\Host\0.1.0\System.Diagnostics.TextWriterTraceListener.dll
2026-07-19 22:13:53.468   Deleting file: C:\Users\justin\AppData\Local\Programs\LocalRag\Host\0.1.0\System.Diagnostics.StackTrace.dll
2026-07-19 22:13:53.468   Deleting file: C:\Users\justin\AppData\Local\Programs\LocalRag\Host\0.1.0\System.Diagnostics.Process.dll
2026-07-19 22:13:53.468   Deleting file: C:\Users\justin\AppData\Local\Programs\LocalRag\Host\0.1.0\System.Diagnostics.FileVersionInfo.dll
2026-07-19 22:13:53.468   Deleting file: C:\Users\justin\AppData\Local\Programs\LocalRag\Host\0.1.0\System.Diagnostics.EventLog.Messages.dll
2026-07-19 22:13:53.469   Deleting file: C:\Users\justin\AppData\Local\Programs\LocalRag\Host\0.1.0\System.Diagnostics.EventLog.dll
2026-07-19 22:13:53.469   Deleting file: C:\Users\justin\AppData\Local\Programs\LocalRag\Host\0.1.0\System.Diagnostics.DiagnosticSource.dll
2026-07-19 22:13:53.469   Deleting file: C:\Users\justin\AppData\Local\Programs\LocalRag\Host\0.1.0\System.Diagnostics.Debug.dll
2026-07-19 22:13:53.469   Deleting file: C:\Users\justin\AppData\Local\Programs\LocalRag\Host\0.1.0\System.Diagnostics.Contracts.dll
2026-07-19 22:13:53.469   Deleting file: C:\Users\justin\AppData\Local\Programs\LocalRag\Host\0.1.0\System.Data.dll
2026-07-19 22:13:53.469   Deleting file: C:\Users\justin\AppData\Local\Programs\LocalRag\Host\0.1.0\System.Data.DataSetExtensions.dll
2026-07-19 22:13:53.469   Deleting file: C:\Users\justin\AppData\Local\Programs\LocalRag\Host\0.1.0\System.Data.Common.dll
2026-07-19 22:13:53.470   Deleting file: C:\Users\justin\AppData\Local\Programs\LocalRag\Host\0.1.0\System.Core.dll
2026-07-19 22:13:53.470   Deleting file: C:\Users\justin\AppData\Local\Programs\LocalRag\Host\0.1.0\System.Console.dll
2026-07-19 22:13:53.470   Deleting file: C:\Users\justin\AppData\Local\Programs\LocalRag\Host\0.1.0\System.Configuration.dll
2026-07-19 22:13:53.470   Deleting file: C:\Users\justin\AppData\Local\Programs\LocalRag\Host\0.1.0\System.ComponentModel.TypeConverter.dll
2026-07-19 22:13:53.471   Deleting file: C:\Users\justin\AppData\Local\Programs\LocalRag\Host\0.1.0\System.ComponentModel.Primitives.dll
2026-07-19 22:13:53.471   Deleting file: C:\Users\justin\AppData\Local\Programs\LocalRag\Host\0.1.0\System.ComponentModel.EventBasedAsync.dll
2026-07-19 22:13:53.471   Deleting file: C:\Users\justin\AppData\Local\Programs\LocalRag\Host\0.1.0\System.ComponentModel.dll
2026-07-19 22:13:53.471   Deleting file: C:\Users\justin\AppData\Local\Programs\LocalRag\Host\0.1.0\System.ComponentModel.DataAnnotations.dll
2026-07-19 22:13:53.471   Deleting file: C:\Users\justin\AppData\Local\Programs\LocalRag\Host\0.1.0\System.ComponentModel.Annotations.dll
2026-07-19 22:13:53.471   Deleting file: C:\Users\justin\AppData\Local\Programs\LocalRag\Host\0.1.0\System.Collections.Specialized.dll
2026-07-19 22:13:53.471   Deleting file: C:\Users\justin\AppData\Local\Programs\LocalRag\Host\0.1.0\System.Collections.NonGeneric.dll
2026-07-19 22:13:53.472   Deleting file: C:\Users\justin\AppData\Local\Programs\LocalRag\Host\0.1.0\System.Collections.Immutable.dll
2026-07-19 22:13:53.472   Deleting file: C:\Users\justin\AppData\Local\Programs\LocalRag\Host\0.1.0\System.Collections.dll
2026-07-19 22:13:53.472   Deleting file: C:\Users\justin\AppData\Local\Programs\LocalRag\Host\0.1.0\System.Collections.Concurrent.dll
2026-07-19 22:13:53.472   Deleting file: C:\Users\justin\AppData\Local\Programs\LocalRag\Host\0.1.0\System.Buffers.dll
2026-07-19 22:13:53.472   Deleting file: C:\Users\justin\AppData\Local\Programs\LocalRag\Host\0.1.0\System.AppContext.dll
2026-07-19 22:13:53.483   Deleting file: C:\Users\justin\AppData\Local\Programs\LocalRag\Host\0.1.0\SQLitePCLRaw.provider.e_sqlite3.dll
2026-07-19 22:13:53.483   Deleting file: C:\Users\justin\AppData\Local\Programs\LocalRag\Host\0.1.0\SQLitePCLRaw.core.dll
2026-07-19 22:13:53.483   Deleting file: C:\Users\justin\AppData\Local\Programs\LocalRag\Host\0.1.0\SQLitePCLRaw.batteries_v2.dll
2026-07-19 22:13:53.484   Deleting file: C:\Users\justin\AppData\Local\Programs\LocalRag\Host\0.1.0\onnxruntime_providers_shared.lib
2026-07-19 22:13:53.484   Deleting file: C:\Users\justin\AppData\Local\Programs\LocalRag\Host\0.1.0\onnxruntime_providers_shared.dll
2026-07-19 22:13:53.484   Deleting file: C:\Users\justin\AppData\Local\Programs\LocalRag\Host\0.1.0\onnxruntime.lib
2026-07-19 22:13:53.484   Deleting file: C:\Users\justin\AppData\Local\Programs\LocalRag\Host\0.1.0\onnxruntime.dll
2026-07-19 22:13:53.486   Deleting file: C:\Users\justin\AppData\Local\Programs\LocalRag\Host\0.1.0\netstandard.dll
2026-07-19 22:13:53.487   Deleting file: C:\Users\justin\AppData\Local\Programs\LocalRag\Host\0.1.0\msquic.dll
2026-07-19 22:13:53.487   Deleting file: C:\Users\justin\AppData\Local\Programs\LocalRag\Host\0.1.0\mscorrc.dll
2026-07-19 22:13:53.487   Deleting file: C:\Users\justin\AppData\Local\Programs\LocalRag\Host\0.1.0\mscorlib.dll
2026-07-19 22:13:53.487   Deleting file: C:\Users\justin\AppData\Local\Programs\LocalRag\Host\0.1.0\mscordbi.dll
2026-07-19 22:13:53.487   Deleting file: C:\Users\justin\AppData\Local\Programs\LocalRag\Host\0.1.0\mscordaccore_amd64_amd64_10.0.1026.32716.dll
2026-07-19 22:13:53.488   Deleting file: C:\Users\justin\AppData\Local\Programs\LocalRag\Host\0.1.0\mscordaccore.dll
2026-07-19 22:13:53.488   Deleting file: C:\Users\justin\AppData\Local\Programs\LocalRag\Host\0.1.0\ModelContextProtocol.dll
2026-07-19 22:13:53.488   Deleting file: C:\Users\justin\AppData\Local\Programs\LocalRag\Host\0.1.0\ModelContextProtocol.Core.dll
2026-07-19 22:13:53.488   Deleting file: C:\Users\justin\AppData\Local\Programs\LocalRag\Host\0.1.0\ModelContextProtocol.AspNetCore.dll
2026-07-19 22:13:53.489   Deleting file: C:\Users\justin\AppData\Local\Programs\LocalRag\Host\0.1.0\Microsoft.Win32.Registry.dll
2026-07-19 22:13:53.489   Deleting file: C:\Users\justin\AppData\Local\Programs\LocalRag\Host\0.1.0\Microsoft.Win32.Primitives.dll
2026-07-19 22:13:53.489   Deleting file: C:\Users\justin\AppData\Local\Programs\LocalRag\Host\0.1.0\Microsoft.VisualBasic.dll
2026-07-19 22:13:53.489   Deleting file: C:\Users\justin\AppData\Local\Programs\LocalRag\Host\0.1.0\Microsoft.VisualBasic.Core.dll
2026-07-19 22:13:53.489   Deleting file: C:\Users\justin\AppData\Local\Programs\LocalRag\Host\0.1.0\Microsoft.Net.Http.Headers.dll
2026-07-19 22:13:53.489   Deleting file: C:\Users\justin\AppData\Local\Programs\LocalRag\Host\0.1.0\Microsoft.ML.OnnxRuntime.dll
2026-07-19 22:13:53.490   Deleting file: C:\Users\justin\AppData\Local\Programs\LocalRag\Host\0.1.0\Microsoft.JSInterop.dll
2026-07-19 22:13:53.490   Deleting file: C:\Users\justin\AppData\Local\Programs\LocalRag\Host\0.1.0\Microsoft.Extensions.WebEncoders.dll
2026-07-19 22:13:53.490   Deleting file: C:\Users\justin\AppData\Local\Programs\LocalRag\Host\0.1.0\Microsoft.Extensions.Validation.dll
2026-07-19 22:13:53.490   Deleting file: C:\Users\justin\AppData\Local\Programs\LocalRag\Host\0.1.0\Microsoft.Extensions.Primitives.dll
2026-07-19 22:13:53.490   Deleting file: C:\Users\justin\AppData\Local\Programs\LocalRag\Host\0.1.0\Microsoft.Extensions.Options.dll
2026-07-19 22:13:53.490   Deleting file: C:\Users\justin\AppData\Local\Programs\LocalRag\Host\0.1.0\Microsoft.Extensions.Options.DataAnnotations.dll
2026-07-19 22:13:53.490   Deleting file: C:\Users\justin\AppData\Local\Programs\LocalRag\Host\0.1.0\Microsoft.Extensions.Options.ConfigurationExtensions.dll
2026-07-19 22:13:53.491   Deleting file: C:\Users\justin\AppData\Local\Programs\LocalRag\Host\0.1.0\Microsoft.Extensions.ObjectPool.dll
2026-07-19 22:13:53.491   Deleting file: C:\Users\justin\AppData\Local\Programs\LocalRag\Host\0.1.0\Microsoft.Extensions.Logging.TraceSource.dll
2026-07-19 22:13:53.491   Deleting file: C:\Users\justin\AppData\Local\Programs\LocalRag\Host\0.1.0\Microsoft.Extensions.Logging.EventSource.dll
2026-07-19 22:13:53.491   Deleting file: C:\Users\justin\AppData\Local\Programs\LocalRag\Host\0.1.0\Microsoft.Extensions.Logging.EventLog.dll
2026-07-19 22:13:53.491   Deleting file: C:\Users\justin\AppData\Local\Programs\LocalRag\Host\0.1.0\Microsoft.Extensions.Logging.dll
2026-07-19 22:13:53.491   Deleting file: C:\Users\justin\AppData\Local\Programs\LocalRag\Host\0.1.0\Microsoft.Extensions.Logging.Debug.dll
2026-07-19 22:13:53.491   Deleting file: C:\Users\justin\AppData\Local\Programs\LocalRag\Host\0.1.0\Microsoft.Extensions.Logging.Console.dll
2026-07-19 22:13:53.492   Deleting file: C:\Users\justin\AppData\Local\Programs\LocalRag\Host\0.1.0\Microsoft.Extensions.Logging.Configuration.dll
2026-07-19 22:13:53.492   Deleting file: C:\Users\justin\AppData\Local\Programs\LocalRag\Host\0.1.0\Microsoft.Extensions.Logging.Abstractions.dll
2026-07-19 22:13:53.492   Deleting file: C:\Users\justin\AppData\Local\Programs\LocalRag\Host\0.1.0\Microsoft.Extensions.Localization.dll
2026-07-19 22:13:53.492   Deleting file: C:\Users\justin\AppData\Local\Programs\LocalRag\Host\0.1.0\Microsoft.Extensions.Localization.Abstractions.dll
2026-07-19 22:13:53.492   Deleting file: C:\Users\justin\AppData\Local\Programs\LocalRag\Host\0.1.0\Microsoft.Extensions.Identity.Stores.dll
2026-07-19 22:13:53.492   Deleting file: C:\Users\justin\AppData\Local\Programs\LocalRag\Host\0.1.0\Microsoft.Extensions.Identity.Core.dll
2026-07-19 22:13:53.492   Deleting file: C:\Users\justin\AppData\Local\Programs\LocalRag\Host\0.1.0\Microsoft.Extensions.Http.dll
2026-07-19 22:13:53.493   Deleting file: C:\Users\justin\AppData\Local\Programs\LocalRag\Host\0.1.0\Microsoft.Extensions.Hosting.dll
2026-07-19 22:13:53.493   Deleting file: C:\Users\justin\AppData\Local\Programs\LocalRag\Host\0.1.0\Microsoft.Extensions.Hosting.Abstractions.dll
2026-07-19 22:13:53.493   Deleting file: C:\Users\justin\AppData\Local\Programs\LocalRag\Host\0.1.0\Microsoft.Extensions.FileSystemGlobbing.dll
2026-07-19 22:13:53.493   Deleting file: C:\Users\justin\AppData\Local\Programs\LocalRag\Host\0.1.0\Microsoft.Extensions.FileProviders.Physical.dll
2026-07-19 22:13:53.493   Deleting file: C:\Users\justin\AppData\Local\Programs\LocalRag\Host\0.1.0\Microsoft.Extensions.FileProviders.Embedded.dll
2026-07-19 22:13:53.493   Deleting file: C:\Users\justin\AppData\Local\Programs\LocalRag\Host\0.1.0\Microsoft.Extensions.FileProviders.Composite.dll
2026-07-19 22:13:53.494   Deleting file: C:\Users\justin\AppData\Local\Programs\LocalRag\Host\0.1.0\Microsoft.Extensions.FileProviders.Abstractions.dll
2026-07-19 22:13:53.494   Deleting file: C:\Users\justin\AppData\Local\Programs\LocalRag\Host\0.1.0\Microsoft.Extensions.Features.dll
2026-07-19 22:13:53.494   Deleting file: C:\Users\justin\AppData\Local\Programs\LocalRag\Host\0.1.0\Microsoft.Extensions.Diagnostics.HealthChecks.dll
2026-07-19 22:13:53.494   Deleting file: C:\Users\justin\AppData\Local\Programs\LocalRag\Host\0.1.0\Microsoft.Extensions.Diagnostics.HealthChecks.Abstractions.dll
2026-07-19 22:13:53.494   Deleting file: C:\Users\justin\AppData\Local\Programs\LocalRag\Host\0.1.0\Microsoft.Extensions.Diagnostics.dll
2026-07-19 22:13:53.494   Deleting file: C:\Users\justin\AppData\Local\Programs\LocalRag\Host\0.1.0\Microsoft.Extensions.Diagnostics.Abstractions.dll
2026-07-19 22:13:53.494   Deleting file: C:\Users\justin\AppData\Local\Programs\LocalRag\Host\0.1.0\Microsoft.Extensions.DependencyInjection.dll
2026-07-19 22:13:53.495   Deleting file: C:\Users\justin\AppData\Local\Programs\LocalRag\Host\0.1.0\Microsoft.Extensions.DependencyInjection.Abstractions.dll
2026-07-19 22:13:53.495   Deleting file: C:\Users\justin\AppData\Local\Programs\LocalRag\Host\0.1.0\Microsoft.Extensions.Configuration.Xml.dll
2026-07-19 22:13:53.495   Deleting file: C:\Users\justin\AppData\Local\Programs\LocalRag\Host\0.1.0\Microsoft.Extensions.Configuration.UserSecrets.dll
2026-07-19 22:13:53.495   Deleting file: C:\Users\justin\AppData\Local\Programs\LocalRag\Host\0.1.0\Microsoft.Extensions.Configuration.KeyPerFile.dll
2026-07-19 22:13:53.495   Deleting file: C:\Users\justin\AppData\Local\Programs\LocalRag\Host\0.1.0\Microsoft.Extensions.Configuration.Json.dll
2026-07-19 22:13:53.495   Deleting file: C:\Users\justin\AppData\Local\Programs\LocalRag\Host\0.1.0\Microsoft.Extensions.Configuration.Ini.dll
2026-07-19 22:13:53.496   Deleting file: C:\Users\justin\AppData\Local\Programs\LocalRag\Host\0.1.0\Microsoft.Extensions.Configuration.FileExtensions.dll
2026-07-19 22:13:53.496   Deleting file: C:\Users\justin\AppData\Local\Programs\LocalRag\Host\0.1.0\Microsoft.Extensions.Configuration.EnvironmentVariables.dll
2026-07-19 22:13:53.496   Deleting file: C:\Users\justin\AppData\Local\Programs\LocalRag\Host\0.1.0\Microsoft.Extensions.Configuration.dll
2026-07-19 22:13:53.497   Deleting file: C:\Users\justin\AppData\Local\Programs\LocalRag\Host\0.1.0\Microsoft.Extensions.Configuration.CommandLine.dll
2026-07-19 22:13:53.497   Deleting file: C:\Users\justin\AppData\Local\Programs\LocalRag\Host\0.1.0\Microsoft.Extensions.Configuration.Binder.dll
2026-07-19 22:13:53.497   Deleting file: C:\Users\justin\AppData\Local\Programs\LocalRag\Host\0.1.0\Microsoft.Extensions.Configuration.Abstractions.dll
2026-07-19 22:13:53.498   Deleting file: C:\Users\justin\AppData\Local\Programs\LocalRag\Host\0.1.0\Microsoft.Extensions.Caching.Memory.dll
2026-07-19 22:13:53.498   Deleting file: C:\Users\justin\AppData\Local\Programs\LocalRag\Host\0.1.0\Microsoft.Extensions.Caching.Abstractions.dll
2026-07-19 22:13:53.498   Deleting file: C:\Users\justin\AppData\Local\Programs\LocalRag\Host\0.1.0\Microsoft.Extensions.AI.Abstractions.dll
2026-07-19 22:13:53.498   Deleting file: C:\Users\justin\AppData\Local\Programs\LocalRag\Host\0.1.0\Microsoft.DiaSymReader.Native.amd64.dll
2026-07-19 22:13:53.498   Deleting file: C:\Users\justin\AppData\Local\Programs\LocalRag\Host\0.1.0\Microsoft.Data.Sqlite.dll
2026-07-19 22:13:53.499   Deleting file: C:\Users\justin\AppData\Local\Programs\LocalRag\Host\0.1.0\Microsoft.CSharp.dll
2026-07-19 22:13:53.499   Deleting file: C:\Users\justin\AppData\Local\Programs\LocalRag\Host\0.1.0\Microsoft.AspNetCore.WebUtilities.dll
2026-07-19 22:13:53.499   Deleting file: C:\Users\justin\AppData\Local\Programs\LocalRag\Host\0.1.0\Microsoft.AspNetCore.WebSockets.dll
2026-07-19 22:13:53.499   Deleting file: C:\Users\justin\AppData\Local\Programs\LocalRag\Host\0.1.0\Microsoft.AspNetCore.StaticFiles.dll
2026-07-19 22:13:53.499   Deleting file: C:\Users\justin\AppData\Local\Programs\LocalRag\Host\0.1.0\Microsoft.AspNetCore.StaticAssets.dll
2026-07-19 22:13:53.500   Deleting file: C:\Users\justin\AppData\Local\Programs\LocalRag\Host\0.1.0\Microsoft.AspNetCore.SignalR.Protocols.Json.dll
2026-07-19 22:13:53.500   Deleting file: C:\Users\justin\AppData\Local\Programs\LocalRag\Host\0.1.0\Microsoft.AspNetCore.SignalR.dll
2026-07-19 22:13:53.500   Deleting file: C:\Users\justin\AppData\Local\Programs\LocalRag\Host\0.1.0\Microsoft.AspNetCore.SignalR.Core.dll
2026-07-19 22:13:53.500   Deleting file: C:\Users\justin\AppData\Local\Programs\LocalRag\Host\0.1.0\Microsoft.AspNetCore.SignalR.Common.dll
2026-07-19 22:13:53.500   Deleting file: C:\Users\justin\AppData\Local\Programs\LocalRag\Host\0.1.0\Microsoft.AspNetCore.Session.dll
2026-07-19 22:13:53.500   Deleting file: C:\Users\justin\AppData\Local\Programs\LocalRag\Host\0.1.0\Microsoft.AspNetCore.Server.Kestrel.Transport.Sockets.dll
2026-07-19 22:13:53.501   Deleting file: C:\Users\justin\AppData\Local\Programs\LocalRag\Host\0.1.0\Microsoft.AspNetCore.Server.Kestrel.Transport.Quic.dll
2026-07-19 22:13:53.501   Deleting file: C:\Users\justin\AppData\Local\Programs\LocalRag\Host\0.1.0\Microsoft.AspNetCore.Server.Kestrel.Transport.NamedPipes.dll
2026-07-19 22:13:53.501   Deleting file: C:\Users\justin\AppData\Local\Programs\LocalRag\Host\0.1.0\Microsoft.AspNetCore.Server.Kestrel.dll
2026-07-19 22:13:53.501   Deleting file: C:\Users\justin\AppData\Local\Programs\LocalRag\Host\0.1.0\Microsoft.AspNetCore.Server.Kestrel.Core.dll
2026-07-19 22:13:53.502   Deleting file: C:\Users\justin\AppData\Local\Programs\LocalRag\Host\0.1.0\Microsoft.AspNetCore.Server.IISIntegration.dll
2026-07-19 22:13:53.502   Deleting file: C:\Users\justin\AppData\Local\Programs\LocalRag\Host\0.1.0\Microsoft.AspNetCore.Server.IIS.dll
2026-07-19 22:13:53.502   Deleting file: C:\Users\justin\AppData\Local\Programs\LocalRag\Host\0.1.0\Microsoft.AspNetCore.Server.HttpSys.dll
2026-07-19 22:13:53.502   Deleting file: C:\Users\justin\AppData\Local\Programs\LocalRag\Host\0.1.0\Microsoft.AspNetCore.Routing.dll
2026-07-19 22:13:53.502   Deleting file: C:\Users\justin\AppData\Local\Programs\LocalRag\Host\0.1.0\Microsoft.AspNetCore.Routing.Abstractions.dll
2026-07-19 22:13:53.503   Deleting file: C:\Users\justin\AppData\Local\Programs\LocalRag\Host\0.1.0\Microsoft.AspNetCore.Rewrite.dll
2026-07-19 22:13:53.503   Deleting file: C:\Users\justin\AppData\Local\Programs\LocalRag\Host\0.1.0\Microsoft.AspNetCore.ResponseCompression.dll
2026-07-19 22:13:53.503   Deleting file: C:\Users\justin\AppData\Local\Programs\LocalRag\Host\0.1.0\Microsoft.AspNetCore.ResponseCaching.dll
2026-07-19 22:13:53.503   Deleting file: C:\Users\justin\AppData\Local\Programs\LocalRag\Host\0.1.0\Microsoft.AspNetCore.ResponseCaching.Abstractions.dll
2026-07-19 22:13:53.503   Deleting file: C:\Users\justin\AppData\Local\Programs\LocalRag\Host\0.1.0\Microsoft.AspNetCore.RequestDecompression.dll
2026-07-19 22:13:53.503   Deleting file: C:\Users\justin\AppData\Local\Programs\LocalRag\Host\0.1.0\Microsoft.AspNetCore.Razor.Runtime.dll
2026-07-19 22:13:53.503   Deleting file: C:\Users\justin\AppData\Local\Programs\LocalRag\Host\0.1.0\Microsoft.AspNetCore.Razor.dll
2026-07-19 22:13:53.504   Deleting file: C:\Users\justin\AppData\Local\Programs\LocalRag\Host\0.1.0\Microsoft.AspNetCore.RateLimiting.dll
2026-07-19 22:13:53.504   Deleting file: C:\Users\justin\AppData\Local\Programs\LocalRag\Host\0.1.0\Microsoft.AspNetCore.OutputCaching.dll
2026-07-19 22:13:53.504   Deleting file: C:\Users\justin\AppData\Local\Programs\LocalRag\Host\0.1.0\Microsoft.AspNetCore.Mvc.ViewFeatures.dll
2026-07-19 22:13:53.504   Deleting file: C:\Users\justin\AppData\Local\Programs\LocalRag\Host\0.1.0\Microsoft.AspNetCore.Mvc.TagHelpers.dll
2026-07-19 22:13:53.504   Deleting file: C:\Users\justin\AppData\Local\Programs\LocalRag\Host\0.1.0\Microsoft.AspNetCore.Mvc.RazorPages.dll
2026-07-19 22:13:53.504   Deleting file: C:\Users\justin\AppData\Local\Programs\LocalRag\Host\0.1.0\Microsoft.AspNetCore.Mvc.Razor.dll
2026-07-19 22:13:53.504   Deleting file: C:\Users\justin\AppData\Local\Programs\LocalRag\Host\0.1.0\Microsoft.AspNetCore.Mvc.Localization.dll
2026-07-19 22:13:53.505   Deleting file: C:\Users\justin\AppData\Local\Programs\LocalRag\Host\0.1.0\Microsoft.AspNetCore.Mvc.Formatters.Xml.dll
2026-07-19 22:13:53.505   Deleting file: C:\Users\justin\AppData\Local\Programs\LocalRag\Host\0.1.0\Microsoft.AspNetCore.Mvc.Formatters.Json.dll
2026-07-19 22:13:53.505   Deleting file: C:\Users\justin\AppData\Local\Programs\LocalRag\Host\0.1.0\Microsoft.AspNetCore.Mvc.dll
2026-07-19 22:13:53.505   Deleting file: C:\Users\justin\AppData\Local\Programs\LocalRag\Host\0.1.0\Microsoft.AspNetCore.Mvc.DataAnnotations.dll
2026-07-19 22:13:53.505   Deleting file: C:\Users\justin\AppData\Local\Programs\LocalRag\Host\0.1.0\Microsoft.AspNetCore.Mvc.Cors.dll
2026-07-19 22:13:53.505   Deleting file: C:\Users\justin\AppData\Local\Programs\LocalRag\Host\0.1.0\Microsoft.AspNetCore.Mvc.Core.dll
2026-07-19 22:13:53.506   Deleting file: C:\Users\justin\AppData\Local\Programs\LocalRag\Host\0.1.0\Microsoft.AspNetCore.Mvc.ApiExplorer.dll
2026-07-19 22:13:53.506   Deleting file: C:\Users\justin\AppData\Local\Programs\LocalRag\Host\0.1.0\Microsoft.AspNetCore.Mvc.Abstractions.dll
2026-07-19 22:13:53.506   Deleting file: C:\Users\justin\AppData\Local\Programs\LocalRag\Host\0.1.0\Microsoft.AspNetCore.Metadata.dll
2026-07-19 22:13:53.506   Deleting file: C:\Users\justin\AppData\Local\Programs\LocalRag\Host\0.1.0\Microsoft.AspNetCore.Localization.Routing.dll
2026-07-19 22:13:53.506   Deleting file: C:\Users\justin\AppData\Local\Programs\LocalRag\Host\0.1.0\Microsoft.AspNetCore.Localization.dll
2026-07-19 22:13:53.506   Deleting file: C:\Users\justin\AppData\Local\Programs\LocalRag\Host\0.1.0\Microsoft.AspNetCore.Identity.dll
2026-07-19 22:13:53.506   Deleting file: C:\Users\justin\AppData\Local\Programs\LocalRag\Host\0.1.0\Microsoft.AspNetCore.HttpsPolicy.dll
2026-07-19 22:13:53.507   Deleting file: C:\Users\justin\AppData\Local\Programs\LocalRag\Host\0.1.0\Microsoft.AspNetCore.HttpOverrides.dll
2026-07-19 22:13:53.507   Deleting file: C:\Users\justin\AppData\Local\Programs\LocalRag\Host\0.1.0\Microsoft.AspNetCore.HttpLogging.dll
2026-07-19 22:13:53.507   Deleting file: C:\Users\justin\AppData\Local\Programs\LocalRag\Host\0.1.0\Microsoft.AspNetCore.Http.Results.dll
2026-07-19 22:13:53.507   Deleting file: C:\Users\justin\AppData\Local\Programs\LocalRag\Host\0.1.0\Microsoft.AspNetCore.Http.Features.dll
2026-07-19 22:13:53.507   Deleting file: C:\Users\justin\AppData\Local\Programs\LocalRag\Host\0.1.0\Microsoft.AspNetCore.Http.Extensions.dll
2026-07-19 22:13:53.507   Deleting file: C:\Users\justin\AppData\Local\Programs\LocalRag\Host\0.1.0\Microsoft.AspNetCore.Http.dll
2026-07-19 22:13:53.508   Deleting file: C:\Users\justin\AppData\Local\Programs\LocalRag\Host\0.1.0\Microsoft.AspNetCore.Http.Connections.dll
2026-07-19 22:13:53.508   Deleting file: C:\Users\justin\AppData\Local\Programs\LocalRag\Host\0.1.0\Microsoft.AspNetCore.Http.Connections.Common.dll
2026-07-19 22:13:53.508   Deleting file: C:\Users\justin\AppData\Local\Programs\LocalRag\Host\0.1.0\Microsoft.AspNetCore.Http.Abstractions.dll
2026-07-19 22:13:53.508   Deleting file: C:\Users\justin\AppData\Local\Programs\LocalRag\Host\0.1.0\Microsoft.AspNetCore.Html.Abstractions.dll
2026-07-19 22:13:53.508   Deleting file: C:\Users\justin\AppData\Local\Programs\LocalRag\Host\0.1.0\Microsoft.AspNetCore.Hosting.Server.Abstractions.dll
2026-07-19 22:13:53.508   Deleting file: C:\Users\justin\AppData\Local\Programs\LocalRag\Host\0.1.0\Microsoft.AspNetCore.Hosting.dll
2026-07-19 22:13:53.508   Deleting file: C:\Users\justin\AppData\Local\Programs\LocalRag\Host\0.1.0\Microsoft.AspNetCore.Hosting.Abstractions.dll
2026-07-19 22:13:53.509   Deleting file: C:\Users\justin\AppData\Local\Programs\LocalRag\Host\0.1.0\Microsoft.AspNetCore.HostFiltering.dll
2026-07-19 22:13:53.509   Deleting file: C:\Users\justin\AppData\Local\Programs\LocalRag\Host\0.1.0\Microsoft.AspNetCore.dll
2026-07-19 22:13:53.509   Deleting file: C:\Users\justin\AppData\Local\Programs\LocalRag\Host\0.1.0\Microsoft.AspNetCore.Diagnostics.HealthChecks.dll
2026-07-19 22:13:53.509   Deleting file: C:\Users\justin\AppData\Local\Programs\LocalRag\Host\0.1.0\Microsoft.AspNetCore.Diagnostics.dll
2026-07-19 22:13:53.509   Deleting file: C:\Users\justin\AppData\Local\Programs\LocalRag\Host\0.1.0\Microsoft.AspNetCore.Diagnostics.Abstractions.dll
2026-07-19 22:13:53.509   Deleting file: C:\Users\justin\AppData\Local\Programs\LocalRag\Host\0.1.0\Microsoft.AspNetCore.DataProtection.Extensions.dll
2026-07-19 22:13:53.510   Deleting file: C:\Users\justin\AppData\Local\Programs\LocalRag\Host\0.1.0\Microsoft.AspNetCore.DataProtection.dll
2026-07-19 22:13:53.510   Deleting file: C:\Users\justin\AppData\Local\Programs\LocalRag\Host\0.1.0\Microsoft.AspNetCore.DataProtection.Abstractions.dll
2026-07-19 22:13:53.510   Deleting file: C:\Users\justin\AppData\Local\Programs\LocalRag\Host\0.1.0\Microsoft.AspNetCore.Cryptography.KeyDerivation.dll
2026-07-19 22:13:53.510   Deleting file: C:\Users\justin\AppData\Local\Programs\LocalRag\Host\0.1.0\Microsoft.AspNetCore.Cryptography.Internal.dll
2026-07-19 22:13:53.510   Deleting file: C:\Users\justin\AppData\Local\Programs\LocalRag\Host\0.1.0\Microsoft.AspNetCore.Cors.dll
2026-07-19 22:13:53.510   Deleting file: C:\Users\justin\AppData\Local\Programs\LocalRag\Host\0.1.0\Microsoft.AspNetCore.CookiePolicy.dll
2026-07-19 22:13:53.511   Deleting file: C:\Users\justin\AppData\Local\Programs\LocalRag\Host\0.1.0\Microsoft.AspNetCore.Connections.Abstractions.dll
2026-07-19 22:13:53.511   Deleting file: C:\Users\justin\AppData\Local\Programs\LocalRag\Host\0.1.0\Microsoft.AspNetCore.Components.Web.dll
2026-07-19 22:13:53.511   Deleting file: C:\Users\justin\AppData\Local\Programs\LocalRag\Host\0.1.0\Microsoft.AspNetCore.Components.Server.dll
2026-07-19 22:13:53.511   Deleting file: C:\Users\justin\AppData\Local\Programs\LocalRag\Host\0.1.0\Microsoft.AspNetCore.Components.Forms.dll
2026-07-19 22:13:53.511   Deleting file: C:\Users\justin\AppData\Local\Programs\LocalRag\Host\0.1.0\Microsoft.AspNetCore.Components.Endpoints.dll
2026-07-19 22:13:53.511   Deleting file: C:\Users\justin\AppData\Local\Programs\LocalRag\Host\0.1.0\Microsoft.AspNetCore.Components.dll
2026-07-19 22:13:53.511   Deleting file: C:\Users\justin\AppData\Local\Programs\LocalRag\Host\0.1.0\Microsoft.AspNetCore.Components.Authorization.dll
2026-07-19 22:13:53.512   Deleting file: C:\Users\justin\AppData\Local\Programs\LocalRag\Host\0.1.0\Microsoft.AspNetCore.Authorization.Policy.dll
2026-07-19 22:13:53.512   Deleting file: C:\Users\justin\AppData\Local\Programs\LocalRag\Host\0.1.0\Microsoft.AspNetCore.Authorization.dll
2026-07-19 22:13:53.512   Deleting file: C:\Users\justin\AppData\Local\Programs\LocalRag\Host\0.1.0\Microsoft.AspNetCore.Authentication.OAuth.dll
2026-07-19 22:13:53.512   Deleting file: C:\Users\justin\AppData\Local\Programs\LocalRag\Host\0.1.0\Microsoft.AspNetCore.Authentication.dll
2026-07-19 22:13:53.512   Deleting file: C:\Users\justin\AppData\Local\Programs\LocalRag\Host\0.1.0\Microsoft.AspNetCore.Authentication.Core.dll
2026-07-19 22:13:53.512   Deleting file: C:\Users\justin\AppData\Local\Programs\LocalRag\Host\0.1.0\Microsoft.AspNetCore.Authentication.Cookies.dll
2026-07-19 22:13:53.512   Deleting file: C:\Users\justin\AppData\Local\Programs\LocalRag\Host\0.1.0\Microsoft.AspNetCore.Authentication.BearerToken.dll
2026-07-19 22:13:53.513   Deleting file: C:\Users\justin\AppData\Local\Programs\LocalRag\Host\0.1.0\Microsoft.AspNetCore.Authentication.Abstractions.dll
2026-07-19 22:13:53.513   Deleting file: C:\Users\justin\AppData\Local\Programs\LocalRag\Host\0.1.0\Microsoft.AspNetCore.Antiforgery.dll
2026-07-19 22:13:53.513   Deleting file: C:\Users\justin\AppData\Local\Programs\LocalRag\Host\0.1.0\LocalRag.Host.staticwebassets.endpoints.json
2026-07-19 22:13:53.514   Deleting file: C:\Users\justin\AppData\Local\Programs\LocalRag\Host\0.1.0\LocalRag.Host.runtimeconfig.json
2026-07-19 22:13:53.514   Deleting file: C:\Users\justin\AppData\Local\Programs\LocalRag\Host\0.1.0\LocalRag.Host.pdb
2026-07-19 22:13:53.514   Deleting file: C:\Users\justin\AppData\Local\Programs\LocalRag\Host\0.1.0\LocalRag.Host.exe
2026-07-19 22:13:53.514   Deleting file: C:\Users\justin\AppData\Local\Programs\LocalRag\Host\0.1.0\LocalRag.Host.dll
2026-07-19 22:13:53.514   Deleting file: C:\Users\justin\AppData\Local\Programs\LocalRag\Host\0.1.0\LocalRag.Host.deps.json
2026-07-19 22:13:53.514   Deleting file: C:\Users\justin\AppData\Local\Programs\LocalRag\Host\0.1.0\hostpolicy.dll
2026-07-19 22:13:53.515   Deleting file: C:\Users\justin\AppData\Local\Programs\LocalRag\Host\0.1.0\hostfxr.dll
2026-07-19 22:13:53.515   Deleting file: C:\Users\justin\AppData\Local\Programs\LocalRag\Host\0.1.0\e_sqlite3.dll
2026-07-19 22:13:53.515   Deleting file: C:\Users\justin\AppData\Local\Programs\LocalRag\Host\0.1.0\createdump.exe
2026-07-19 22:13:53.516   Deleting file: C:\Users\justin\AppData\Local\Programs\LocalRag\Host\0.1.0\coreclr.dll
2026-07-19 22:13:53.516   Deleting file: C:\Users\justin\AppData\Local\Programs\LocalRag\Host\0.1.0\clrjit.dll
2026-07-19 22:13:53.517   Deleting file: C:\Users\justin\AppData\Local\Programs\LocalRag\Host\0.1.0\clrgcexp.dll
2026-07-19 22:13:53.517   Deleting file: C:\Users\justin\AppData\Local\Programs\LocalRag\Host\0.1.0\clrgc.dll
2026-07-19 22:13:53.517   Deleting file: C:\Users\justin\AppData\Local\Programs\LocalRag\Host\0.1.0\clretwrc.dll
2026-07-19 22:13:53.517   Deleting file: C:\Users\justin\AppData\Local\Programs\LocalRag\Host\0.1.0\aspnetcorev2_inprocess.dll
2026-07-19 22:13:53.518   Deleting file: C:\Users\justin\AppData\Local\Programs\LocalRag\Host\0.1.0\appsettings.json
2026-07-19 22:13:53.518   Deleting file: C:\Users\justin\AppData\Local\LocalRag\installation.json
2026-07-19 22:13:53.518   Deleting registry key: HKEY_CURRENT_USER\Software\Microsoft\Windows\CurrentVersion\Uninstall\{BC34EB80-D1CA-483A-BF52-CC6D421A67A6}_is1
2026-07-19 22:13:53.521   Deleting directory: C:\Users\justin\AppData\Local\Programs\LocalRag\Host\0.1.0
2026-07-19 22:13:53.521   Deleting directory: C:\Users\justin\AppData\Local\Programs\LocalRag\Host
2026-07-19 22:13:53.522   Deleting directory: C:\Users\justin\AppData\Local\Programs\LocalRag
2026-07-19 22:13:53.522   Failed to delete directory (145). Will retry later.
2026-07-19 22:13:53.522   Deleting Uninstall data files.
2026-07-19 22:13:53.522   Creating "_unins-done.tmp" file.
2026-07-19 22:13:54.035   Deleting directory: C:\Users\justin\AppData\Local\Programs\LocalRag
2026-07-19 22:13:54.035   Uninstallation process succeeded.
2026-07-19 22:13:54.035   Removed all? Yes
2026-07-19 22:13:54.035   Need to restart Windows? No
2026-07-19 22:13:54.038   Log closed.
